adjacent match bot 452
adjacent match bot 712
adjacent match bot 996
adjacent match bot 646
adjacent match bot 40
adjacent match bot 1
adjacent match bot 958
adjacent match bot 553
adjacent match bot 661
adjacent match left 844
adjacent match left 781
adjacent match left 163
adjacent match bot 698
adjacent match bot 239
adjacent match left 57
adjacent match top 139
adjacent match top 282
adjacent match top 301
adjacent match bot 518
adjacent match top 918
adjacent match bot 472
adjacent match top 172
adjacent match top 776
adjacent match bot 207
adjacent match bot 38
adjacent match top 860
adjacent match bot 274
adjacent match bot 945
adjacent match bot 162
adjacent match top 845
adjacent match bot 896
adjacent match bot 153
adjacent match top 740
adjacent match bot 21
adjacent match top 303
adjacent match bot 744
adjacent match bot 190
adjacent match top 173
adjacent match bot 395
adjacent match top 729
adjacent match top 925
adjacent match top 172
adjacent match top 566
adjacent match top 193
adjacent match right 967
adjacent match bot 164
adjacent match bot 91
adjacent match top 192
adjacent match bot 292
adjacent match right 414
adjacent match top 215
adjacent match top 238
adjacent match top 661
adjacent match top 149
adjacent match top 299
adjacent match left 644
adjacent match right 919
adjacent match left 661
adjacent match bot 760
adjacent match right 110
adjacent match top 742
adjacent match top 125
adjacent match bot 696
adjacent match top 523
adjacent match top 166
adjacent match top 496
adjacent match left 462
adjacent match right 588
adjacent match left 867
adjacent match top 945
adjacent match top 457
adjacent match bot 505
adjacent match left 875
adjacent match bot 965
adjacent match bot 190
adjacent match bot 671
adjacent match bot 24
adjacent match bot 278
adjacent match bot 934
adjacent match left 569
adjacent match top 180
adjacent match bot 151
adjacent match top 242
adjacent match bot 807
adjacent match right 900
adjacent match bot 417
adjacent match bot 886
adjacent match top 330
adjacent match top 729
adjacent match bot 105
adjacent match bot 482
adjacent match bot 679
adjacent match bot 749
adjacent match top 995
adjacent match bot 689
adjacent match left 604
adjacent match top 696
adjacent match bot 489
adjacent match top 287
adjacent match bot 17
adjacent match bot 468
adjacent match top 869
adjacent match top 673
adjacent match top 480
adjacent match top 860
adjacent match bot 23
adjacent match top 435
adjacent match top 552
adjacent match bot 529
adjacent match top 271
adjacent match left 864
adjacent match bot 848
adjacent match top 771
adjacent match bot 216
adjacent match top 262
adjacent match bot 185
adjacent match left 56
adjacent match bot 362
adjacent match bot 507
adjacent match bot 112
adjacent match bot 556
adjacent match top 754
adjacent match top 841
adjacent match top 959
adjacent match bot 2
adjacent match bot 248
adjacent match bot 232
adjacent match bot 527
adjacent match bot 478
adjacent match top 627
adjacent match bot 175
adjacent match bot 960
adjacent match bot 790
adjacent match bot 503
adjacent match top 930
adjacent match right 451
adjacent match bot 248
adjacent match top 20
adjacent match top 285
adjacent match bot 203
adjacent match top 904
adjacent match top 184
adjacent match bot 531
adjacent match bot 30
adjacent match top 435
adjacent match bot 772
adjacent match top 234
adjacent match bot 542
adjacent match bot 706
adjacent match top 351
adjacent match top 571
adjacent match bot 313
adjacent match top 807
adjacent match bot 398
adjacent match bot 540
adjacent match top 867
adjacent match bot 34
adjacent match top 231
adjacent match right 934
adjacent match top 802
adjacent match top 120
adjacent match top 965
adjacent match top 424
adjacent match top 974
adjacent match bot 53
adjacent match top 619
adjacent match bot 504
adjacent match bot 640
adjacent match top 127
adjacent match top 671
adjacent match top 538
adjacent match top 151
adjacent match bot 498
adjacent match right 914
adjacent match top 562
adjacent match bot 835
adjacent match bot 500
adjacent match bot 787
adjacent match left 122
adjacent match top 149
adjacent match bot 227
adjacent match bot 335
adjacent match right 863
adjacent match left 396
adjacent match top 941
adjacent match top 230
adjacent match top 847
adjacent match bot 215
adjacent match bot 49
adjacent match bot 73
adjacent match top 843
adjacent match top 240
adjacent match top 352
adjacent match top 830
adjacent match bot 11
adjacent match top 819
adjacent match top 66
adjacent match top 501
adjacent match bot 39
adjacent match top 513
adjacent match top 482
adjacent match top 160
adjacent match top 437
adjacent match bot 797
adjacent match bot 551
adjacent match top 337
adjacent match top 383
adjacent match bot 735
adjacent match top 546
adjacent match bot 184
adjacent match bot 67
adjacent match bot 476
adjacent match top 336
adjacent match top 426
adjacent match left 960
adjacent match right 684
adjacent match top 473
adjacent match top 449
adjacent match top 890
adjacent match bot 834
adjacent match top 498
adjacent match top 887
adjacent match top 147
adjacent match bot 260
adjacent match top 965
adjacent match top 939
adjacent match bot 894
adjacent match right 659
adjacent match bot 163
adjacent match left 237
adjacent match bot 858
adjacent match top 184
adjacent match top 33
adjacent match bot 705
adjacent match right 993
adjacent match top 139
adjacent match bot 791
adjacent match bot 955
adjacent match bot 639
adjacent match bot 668
adjacent match bot 128
adjacent match top 677
adjacent match top 899
adjacent match right 613
adjacent match top 208
adjacent match left 837
adjacent match bot 554
adjacent match right 635
adjacent match bot 927
adjacent match bot 392
adjacent match top 761
adjacent match top 300
adjacent match top 42
adjacent match top 68
adjacent match top 969
adjacent match bot 389
adjacent match bot 851
adjacent match bot 90
adjacent match left 231
adjacent match bot 182
adjacent match bot 286
adjacent match bot 296
adjacent match bot 313
adjacent match top 656
adjacent match top 758
adjacent match top 294
adjacent match top 722
adjacent match bot 689
adjacent match top 853
adjacent match top 546
adjacent match bot 698
adjacent match top 664
adjacent match top 190
adjacent match bot 637
adjacent match bot 10
adjacent match left 758
adjacent match left 753
adjacent match right 827
adjacent match bot 777
adjacent match bot 490
adjacent match top 961
adjacent match bot 31
adjacent match bot 781
adjacent match top 690
adjacent match top 285
adjacent match top 421
adjacent match top 720
adjacent match top 133
adjacent match top 298
adjacent match bot 933
adjacent match bot 805
adjacent match bot 461
adjacent match bot 531
adjacent match bot 888
adjacent match top 965
adjacent match right 923
adjacent match top 310
adjacent match bot 219
adjacent match top 107
adjacent match right 186
adjacent match top 691
adjacent match bot 89
adjacent match left 695
adjacent match right 946
adjacent match bot 867
adjacent match bot 87
adjacent match top 9
adjacent match top 432
adjacent match top 678
adjacent match top 819
adjacent match left 670
adjacent match bot 673
adjacent match left 809
adjacent match bot 127
adjacent match bot 422
adjacent match bot 954
adjacent match right 516
adjacent match left 291
adjacent match bot 685
adjacent match bot 661
adjacent match top 163
adjacent match bot 648
adjacent match top 325
adjacent match right 709
adjacent match top 219
adjacent match top 132
adjacent match bot 439
adjacent match bot 134
adjacent match top 188
adjacent match top 134
adjacent match right 257
adjacent match left 38
adjacent match bot 300
adjacent match right 77
adjacent match bot 707
adjacent match top 298
adjacent match top 602
adjacent match bot 940
adjacent match right 986
adjacent match bot 438
adjacent match right 710
adjacent match bot 594
adjacent match bot 919
adjacent match top 77
adjacent match bot 305
adjacent match top 941
adjacent match bot 126
adjacent match bot 637
adjacent match right 549
adjacent match right 876
adjacent match left 516
adjacent match top 467
adjacent match bot 981
adjacent match bot 726
adjacent match bot 737
adjacent match top 434
adjacent match bot 149
adjacent match top 776
adjacent match left 474
adjacent match top 506
adjacent match bot 58
adjacent match top 92
adjacent match left 37
adjacent match left 633
adjacent match bot 605
adjacent match right 239
adjacent match left 72
adjacent match bot 148
adjacent match top 262
adjacent match top 748
adjacent match bot 995
adjacent match bot 655
adjacent match top 254
adjacent match top 566
adjacent match left 628
adjacent match left 356
adjacent match top 769
adjacent match top 805
adjacent match bot 229
adjacent match right 48
adjacent match top 251
adjacent match top 733
adjacent match top 593
adjacent match bot 148
adjacent match right 59
adjacent match bot 69
adjacent match top 758
adjacent match bot 477
adjacent match bot 654
adjacent match left 173
adjacent match bot 543
adjacent match top 624
adjacent match top 124
adjacent match top 980
adjacent match right 233
adjacent match bot 278
adjacent match right 799
adjacent match right 260
adjacent match bot 130
adjacent match left 741
adjacent match top 373
adjacent match top 436
adjacent match bot 552
adjacent match bot 423
adjacent match bot 93
adjacent match top 606
adjacent match top 994
adjacent match bot 316
adjacent match bot 824
adjacent match left 654
adjacent match top 860
adjacent match bot 947
adjacent match bot 956
adjacent match bot 470
adjacent match top 550
adjacent match left 682
adjacent match left 487
adjacent match bot 185
adjacent match bot 955
adjacent match bot 364
adjacent match top 874
adjacent match left 865
adjacent match top 756
adjacent match bot 512
adjacent match top 702
adjacent match bot 852
adjacent match bot 595
adjacent match bot 357
adjacent match bot 620
adjacent match bot 814
adjacent match bot 107
adjacent match left 275
adjacent match bot 840
adjacent match top 57
adjacent match top 71
adjacent match right 540
adjacent match bot 616
adjacent match top 899
adjacent match bot 627
adjacent match bot 435
adjacent match bot 483
adjacent match top 363
adjacent match bot 832
adjacent match top 855
adjacent match top 661
adjacent match top 36
adjacent match bot 49
adjacent match bot 245
adjacent match top 434
adjacent match top 237
adjacent match top 398
adjacent match bot 773
adjacent match left 131
adjacent match top 248
adjacent match bot 300
adjacent match top 627
adjacent match bot 261
adjacent match top 621
adjacent match right 780
adjacent match top 599
adjacent match right 855
adjacent match top 517
adjacent match bot 721
adjacent match top 714
adjacent match bot 195
adjacent match bot 701
adjacent match bot 612
adjacent match bot 855
adjacent match top 943
adjacent match top 182
adjacent match top 726
adjacent match bot 274
adjacent match bot 6
adjacent match bot 799
adjacent match bot 972
adjacent match bot 92
adjacent match top 781
adjacent match right 542
adjacent match top 249
adjacent match bot 834
adjacent match bot 190
adjacent match bot 216
adjacent match top 263
adjacent match bot 72
adjacent match bot 413
adjacent match top 829
adjacent match bot 773
adjacent match left 510
adjacent match right 211
adjacent match bot 988
adjacent match right 488
adjacent match bot 214
adjacent match top 508
adjacent match top 144
adjacent match top 873
adjacent match bot 403
adjacent match bot 484
adjacent match bot 606
adjacent match bot 533
adjacent match right 918
adjacent match top 421
adjacent match bot 230
adjacent match bot 528
adjacent match top 650
adjacent match bot 34
adjacent match top 74
adjacent match left 119
adjacent match top 25
adjacent match bot 828
adjacent match bot 68
adjacent match left 275
adjacent match right 768
adjacent match left 805
adjacent match bot 112
adjacent match top 237
adjacent match left 855
adjacent match top 20
adjacent match top 773
adjacent match bot 987
adjacent match top 814
adjacent match bot 929
adjacent match bot 669
adjacent match top 363
adjacent match bot 229
adjacent match right 402
adjacent match top 646
adjacent match top 897
adjacent match top 528
adjacent match right 662
adjacent match bot 436
adjacent match bot 282
adjacent match bot 863
adjacent match top 311
adjacent match bot 902
adjacent match top 118
adjacent match bot 679
adjacent match bot 710
adjacent match top 314
adjacent match left 181
adjacent match bot 345
adjacent match top 530
adjacent match right 388
adjacent match bot 791
adjacent match top 347
adjacent match right 74
adjacent match bot 237
adjacent match top 900
adjacent match top 604
adjacent match top 455
adjacent match top 485
adjacent match top 548
adjacent match top 477
adjacent match top 734
adjacent match bot 440
adjacent match bot 989
adjacent match bot 902
adjacent match top 431
adjacent match bot 279
adjacent match bot 949
adjacent match bot 659
adjacent match bot 952
adjacent match bot 797
adjacent match bot 795
adjacent match right 4
adjacent match right 960
adjacent match left 568
adjacent match bot 491
adjacent match bot 549
adjacent match right 670
adjacent match top 254
adjacent match top 184
adjacent match left 42
adjacent match top 129
adjacent match top 121
adjacent match top 486
adjacent match bot 486
adjacent match top 846
adjacent match top 757
adjacent match bot 699
adjacent match top 829
adjacent match bot 88
adjacent match top 321
adjacent match bot 4
adjacent match bot 535
adjacent match bot 594
adjacent match top 511
adjacent match bot 167
adjacent match bot 853
adjacent match bot 87
adjacent match bot 763
adjacent match top 303
adjacent match bot 265
adjacent match top 697
adjacent match top 462
adjacent match top 360
adjacent match top 163
adjacent match top 528
adjacent match bot 774
adjacent match top 770
adjacent match bot 891
adjacent match bot 731
adjacent match left 278
adjacent match top 667
adjacent match top 328
adjacent match bot 591
adjacent match bot 31
adjacent match top 420
adjacent match bot 650
adjacent match bot 21
adjacent match bot 918
adjacent match top 317
adjacent match right 471
adjacent match left 47
adjacent match bot 384
adjacent match bot 83
adjacent match top 15
adjacent match bot 234
adjacent match bot 219
adjacent match top 303
adjacent match bot 700
adjacent match left 348
adjacent match top 403
adjacent match bot 419
adjacent match top 82
adjacent match top 857
adjacent match right 203
adjacent match top 746
adjacent match top 768
adjacent match top 527
adjacent match bot 77
adjacent match top 623
adjacent match bot 393
adjacent match top 832
adjacent match right 647
adjacent match top 773
adjacent match top 421
adjacent match top 402
adjacent match bot 29
adjacent match bot 370
adjacent match left 175
adjacent match top 564
adjacent match left 681
adjacent match left 37
adjacent match bot 832
adjacent match bot 187
adjacent match top 46
adjacent match bot 817
adjacent match top 893
adjacent match top 139
adjacent match right 253
adjacent match top 436
adjacent match right 619
adjacent match top 772
adjacent match top 532
adjacent match bot 165
adjacent match bot 910
adjacent match bot 647
adjacent match bot 511
adjacent match top 143
adjacent match bot 784
adjacent match bot 416
adjacent match top 373
adjacent match top 442
adjacent match bot 834
adjacent match top 566
adjacent match left 876
adjacent match right 34
adjacent match bot 507
adjacent match top 348
adjacent match bot 590
adjacent match top 157
adjacent match bot 344
adjacent match top 988
adjacent match top 745
adjacent match top 867
adjacent match top 526
adjacent match bot 109
adjacent match bot 331
adjacent match right 254
adjacent match bot 456
adjacent match right 375
adjacent match bot 846
adjacent match top 656
adjacent match bot 266
adjacent match top 893
adjacent match top 441
adjacent match top 686
adjacent match top 2
adjacent match right 455
adjacent match left 748
adjacent match left 980
adjacent match top 726
adjacent match bot 76
adjacent match top 59
adjacent match bot 389
adjacent match bot 427
adjacent match top 645
adjacent match bot 551
adjacent match bot 167
adjacent match bot 130
adjacent match bot 10
adjacent match bot 642
adjacent match top 536
adjacent match right 29
adjacent match bot 566
adjacent match right 72
adjacent match left 904
adjacent match top 935
adjacent match right 155
adjacent match left 360
adjacent match bot 703
adjacent match bot 252
adjacent match top 870
adjacent match top 739
adjacent match bot 252
adjacent match top 158
adjacent match top 695
adjacent match top 949
adjacent match top 830
adjacent match top 758
adjacent match bot 917
adjacent match top 377
adjacent match left 519
adjacent match right 622
adjacent match left 439
adjacent match left 802
adjacent match top 481
adjacent match top 231
adjacent match top 823
adjacent match bot 563
adjacent match bot 167
adjacent match top 334
adjacent match right 418
adjacent match left 49
adjacent match right 209
adjacent match bot 495
adjacent match top 783
adjacent match bot 185
adjacent match right 418
adjacent match bot 470
adjacent match top 289
adjacent match top 60
adjacent match bot 559
adjacent match top 599
adjacent match bot 170
adjacent match bot 884
adjacent match top 387
adjacent match left 61
adjacent match top 954
adjacent match bot 331
adjacent match bot 695
adjacent match top 958
adjacent match right 891
adjacent match bot 396
adjacent match top 947
adjacent match right 234
adjacent match bot 994
adjacent match bot 981
adjacent match top 85
adjacent match top 819
adjacent match bot 435
adjacent match top 594
adjacent match top 592
adjacent match top 605
adjacent match bot 16
adjacent match right 907
adjacent match bot 629
adjacent match right 958
adjacent match bot 950
adjacent match top 321
adjacent match bot 671
adjacent match top 867
adjacent match bot 821
adjacent match bot 987
adjacent match top 928
adjacent match top 275
adjacent match top 687
adjacent match bot 904
adjacent match bot 864
adjacent match bot 960
adjacent match bot 111
adjacent match bot 148
adjacent match bot 494
adjacent match bot 410
adjacent match top 517
adjacent match bot 700
adjacent match top 714
adjacent match top 988
adjacent match bot 445
adjacent match top 473
adjacent match left 138
adjacent match right 221
adjacent match bot 970
adjacent match bot 717
adjacent match top 26
adjacent match bot 749
adjacent match bot 253
adjacent match top 330
adjacent match bot 214
adjacent match top 293
adjacent match bot 636
adjacent match top 180
adjacent match bot 532
adjacent match top 403
adjacent match top 684
adjacent match bot 242
adjacent match top 653
adjacent match top 822
adjacent match top 575
adjacent match top 133
adjacent match top 440
adjacent match top 685
adjacent match top 658
adjacent match bot 224
adjacent match left 118
adjacent match top 322
adjacent match top 615
adjacent match bot 981
adjacent match bot 856
adjacent match top 843
adjacent match top 816
adjacent match bot 448
adjacent match right 83
adjacent match top 824
adjacent match bot 839
adjacent match top 568
adjacent match bot 989
adjacent match bot 562
adjacent match bot 594
adjacent match left 21
adjacent match bot 833
adjacent match bot 708
adjacent match bot 355
adjacent match top 437
adjacent match bot 944
adjacent match bot 185
adjacent match top 286
adjacent match bot 723
adjacent match bot 552
adjacent match bot 73
adjacent match top 230
adjacent match top 927
adjacent match left 137
adjacent match top 754
adjacent match top 490
adjacent match bot 782
adjacent match left 945
adjacent match top 682
adjacent match right 616
adjacent match top 595
adjacent match bot 84
adjacent match top 80
adjacent match top 383
adjacent match top 357
adjacent match top 492
adjacent match top 771
adjacent match bot 68
adjacent match right 927
adjacent match left 363
adjacent match top 262
adjacent match right 69
adjacent match left 224
adjacent match top 882
adjacent match bot 785
adjacent match left 313
adjacent match left 391
adjacent match bot 865
adjacent match top 947
adjacent match bot 583
adjacent match left 120
adjacent match bot 449
adjacent match left 557
adjacent match bot 610
adjacent match top 240
adjacent match top 875
adjacent match top 297
adjacent match bot 717
adjacent match bot 941
adjacent match top 92
adjacent match right 874
adjacent match left 180
adjacent match left 107
adjacent match top 453
adjacent match bot 561
adjacent match bot 738
adjacent match top 758
adjacent match bot 168
adjacent match top 835
adjacent match bot 650
adjacent match bot 230
adjacent match top 980
adjacent match bot 605
adjacent match bot 396
adjacent match top 753
adjacent match top 642
adjacent match bot 537
adjacent match bot 149
adjacent match bot 797
adjacent match bot 219
adjacent match left 743
adjacent match top 333
adjacent match bot 882
adjacent match right 40
adjacent match top 103
adjacent match bot 348
adjacent match bot 99
adjacent match top 25
adjacent match top 749
adjacent match top 950
adjacent match bot 719
adjacent match bot 175
adjacent match top 652
adjacent match top 565
adjacent match bot 191
adjacent match bot 575
adjacent match top 583
adjacent match top 223
adjacent match bot 295
adjacent match top 358
adjacent match bot 806
adjacent match top 520
adjacent match bot 118
adjacent match top 632
adjacent match top 709
adjacent match bot 735
adjacent match bot 338
adjacent match bot 980
adjacent match top 315
adjacent match top 630
adjacent match top 762
adjacent match bot 761
adjacent match bot 408
adjacent match bot 971
adjacent match top 246
adjacent match bot 307
adjacent match top 949
adjacent match top 194
adjacent match top 301
adjacent match bot 857
adjacent match right 752
adjacent match bot 680
adjacent match bot 188
adjacent match top 551
adjacent match top 689
adjacent match left 29
adjacent match top 345
adjacent match top 75
adjacent match top 898
adjacent match top 625
adjacent match left 732
adjacent match bot 876
adjacent match top 487
adjacent match right 326
adjacent match left 71
adjacent match right 42
adjacent match bot 976
adjacent match bot 233
adjacent match bot 224
adjacent match top 270
adjacent match top 540
adjacent match top 114
adjacent match bot 972
adjacent match bot 950
adjacent match top 667
adjacent match top 915
adjacent match bot 283
adjacent match right 161
adjacent match left 764
adjacent match bot 178
adjacent match right 634
adjacent match bot 569
adjacent match top 945
adjacent match top 340
adjacent match bot 550
adjacent match top 973
adjacent match bot 694
adjacent match top 209
adjacent match top 228
adjacent match right 179
adjacent match bot 832
adjacent match top 67
adjacent match top 448
adjacent match bot 337
adjacent match top 284
adjacent match bot 656
adjacent match bot 433
adjacent match bot 126
adjacent match top 860
adjacent match bot 857
adjacent match top 411
adjacent match top 977
adjacent match bot 815
adjacent match top 896
adjacent match top 993
adjacent match bot 309
adjacent match bot 735
adjacent match top 985
adjacent match top 797
adjacent match bot 842
adjacent match left 93
adjacent match top 424
adjacent match top 348
adjacent match bot 94
adjacent match top 82
adjacent match left 25
adjacent match right 46
adjacent match left 380
adjacent match top 618
adjacent match bot 902
adjacent match bot 142
adjacent match bot 972
adjacent match left 906
adjacent match left 96
adjacent match top 12
adjacent match top 340
adjacent match bot 46
adjacent match bot 756
adjacent match top 327
adjacent match top 897
adjacent match left 435
adjacent match left 546
adjacent match bot 185
adjacent match bot 654
adjacent match top 772
adjacent match left 959
adjacent match top 581
adjacent match bot 13
adjacent match bot 918
adjacent match right 388
adjacent match top 895
adjacent match bot 90
adjacent match bot 915
adjacent match bot 758
adjacent match right 664
adjacent match top 885
adjacent match top 564
adjacent match left 160
adjacent match bot 830
adjacent match bot 869
adjacent match bot 474
adjacent match bot 510
adjacent match bot 813
adjacent match bot 795
adjacent match bot 210
adjacent match top 438
adjacent match bot 786
adjacent match bot 77
adjacent match top 984
adjacent match bot 712
adjacent match top 83
adjacent match bot 130
adjacent match bot 545
adjacent match top 519
adjacent match top 16
adjacent match bot 42
adjacent match bot 822
adjacent match bot 486
adjacent match top 214
adjacent match top 985
adjacent match top 480
adjacent match top 798
adjacent match top 249
adjacent match right 369
adjacent match right 317
adjacent match left 703
adjacent match left 341
adjacent match left 659
adjacent match top 595
adjacent match top 566
adjacent match top 847
adjacent match top 456
adjacent match top 791
adjacent match top 533
542316
